<?xml version="1.0" encoding="UTF-8"?>
<!DOCTYPE properties SYSTEM "http://java.sun.com/dtd/properties.dtd">
<properties version="1.0">
    <comment>Sample test run arguments</comment>
    <entry key="iut">http://schemas.geosciml.org/geosciml/4.0/examples/GSML4-Borehole.xml</entry>
    <entry key="sch"/>
</properties>
